Started GET "/" for ::1 at 2020-04-25 15:50:15 +0200
  [1m[35m (0.6ms)[0m  [1m[34mSELECT "schema_migrations"."version" FROM "schema_migrations" ORDER BY "schema_migrations"."version" ASC[0m
Processing by HomepageController#index as HTML
  Rendering homepage/index.html.erb within layouts/application
  Rendered homepage/index.html.erb within layouts/application (Duration: 0.8ms | Allocations: 360)
[Webpacker] Compiling...
Started GET "/" for ::1 at 2020-04-25 15:50:20 +0200
Processing by HomepageController#index as HTML
  Rendering homepage/index.html.erb within layouts/application
  Rendered homepage/index.html.erb within layouts/application (Duration: 0.1ms | Allocations: 5)
[Webpacker] Compiling...
[Webpacker] Compiled all packs in /home/yvs/code/yvs1364/rails_react_recipe/public/packs
[Webpacker] warning ../../package.json: No license field
warning ../../../package.json: No license field

[Webpacker] Hash: d28ad1196610b5145b7f
Version: webpack 4.43.0
Time: 9482ms
Built at: 04/25/2020 3:50:26 PM
                                     Asset       Size       Chunks                         Chunk Names
          js/Index-b54cc49e36e9b2751843.js   2.59 MiB        Index  [emitted] [immutable]  Index
      js/Index-b54cc49e36e9b2751843.js.map   2.84 MiB        Index  [emitted] [dev]        Index
    js/application-bbe9c4a129ab949e0636.js    124 KiB  application  [emitted] [immutable]  application
js/application-bbe9c4a129ab949e0636.js.map    139 KiB  application  [emitted] [dev]        application
                             manifest.json  661 bytes               [emitted]              
Entrypoint application = js/application-bbe9c4a129ab949e0636.js js/application-bbe9c4a129ab949e0636.js.map
Entrypoint Index = js/Index-b54cc49e36e9b2751843.js js/Index-b54cc49e36e9b2751843.js.map
[./app/javascript/channels sync recursive _channel\.js$] ./app/javascript/channels sync _channel\.js$ 160 bytes {application} [built]
[./app/javascript/channels/index.js] 211 bytes {application} [built]
[./app/javascript/packs/Index.jsx] 886 bytes {Index} [built]
[./app/javascript/packs/application.js] 749 bytes {application} [built]
[./app/javascript/routes/Index.jsx] 1.46 KiB {Index} [built]
[./node_modules/webpack/buildin/global.js] (webpack)/buildin/global.js 905 bytes {Index} [built]
[./node_modules/webpack/buildin/module.js] (webpack)/buildin/module.js 552 bytes {application} {Index} [built]
    + 46 hidden modules

[Webpacker] Everything's up-to-date. Nothing to do
Completed 200 OK in 10910ms (Views: 10902.3ms | ActiveRecord: 0.0ms | Allocations: 36039)


[Webpacker] Compiled all packs in /home/yvs/code/yvs1364/rails_react_recipe/public/packs
[Webpacker] warning ../../package.json: No license field
warning ../../../package.json: No license field

[Webpacker] Hash: d28ad1196610b5145b7f
Version: webpack 4.43.0
Time: 6228ms
Built at: 04/25/2020 3:50:28 PM
                                     Asset       Size       Chunks                         Chunk Names
          js/Index-b54cc49e36e9b2751843.js   2.59 MiB        Index  [emitted] [immutable]  Index
      js/Index-b54cc49e36e9b2751843.js.map   2.84 MiB        Index  [emitted] [dev]        Index
    js/application-bbe9c4a129ab949e0636.js    124 KiB  application  [emitted] [immutable]  application
js/application-bbe9c4a129ab949e0636.js.map    139 KiB  application  [emitted] [dev]        application
                             manifest.json  661 bytes               [emitted]              
Entrypoint application = js/application-bbe9c4a129ab949e0636.js js/application-bbe9c4a129ab949e0636.js.map
Entrypoint Index = js/Index-b54cc49e36e9b2751843.js js/Index-b54cc49e36e9b2751843.js.map
[./app/javascript/channels sync recursive _channel\.js$] ./app/javascript/channels sync _channel\.js$ 160 bytes {application} [built]
[./app/javascript/channels/index.js] 211 bytes {application} [built]
[./app/javascript/packs/Index.jsx] 886 bytes {Index} [built]
[./app/javascript/packs/application.js] 749 bytes {application} [built]
[./app/javascript/routes/Index.jsx] 1.46 KiB {Index} [built]
[./node_modules/webpack/buildin/global.js] (webpack)/buildin/global.js 905 bytes {Index} [built]
[./node_modules/webpack/buildin/module.js] (webpack)/buildin/module.js 552 bytes {application} {Index} [built]
    + 46 hidden modules

[Webpacker] Everything's up-to-date. Nothing to do
Completed 200 OK in 7790ms (Views: 7787.7ms | ActiveRecord: 0.0ms | Allocations: 12554)


Started GET "/api/v1/recipes/index" for ::1 at 2020-04-25 15:50:31 +0200
Processing by Api::V1::RecipesController#index as */*
  [1m[36mRecipe Load (0.9ms)[0m  [1m[34mSELECT "recipes".* FROM "recipes" ORDER BY "recipes"."created_at" DESC[0m
  ↳ app/controllers/api/v1/recipes_controller.rb:4:in `index'
Completed 200 OK in 33ms (Views: 22.3ms | ActiveRecord: 7.4ms | Allocations: 7764)


Started GET "/recipes" for ::1 at 2020-04-25 15:52:29 +0200
Processing by HomepageController#index as HTML
  Parameters: {"path"=>"recipes"}
  Rendering homepage/index.html.erb within layouts/application
  Rendered homepage/index.html.erb within layouts/application (Duration: 0.1ms | Allocations: 4)
[Webpacker] Everything's up-to-date. Nothing to do
[Webpacker] Everything's up-to-date. Nothing to do
Completed 200 OK in 37ms (Views: 35.8ms | ActiveRecord: 0.0ms | Allocations: 16337)


Started GET "/api/v1/recipes/index" for ::1 at 2020-04-25 15:52:29 +0200
Processing by Api::V1::RecipesController#index as */*
  [1m[36mRecipe Load (0.4ms)[0m  [1m[34mSELECT "recipes".* FROM "recipes" ORDER BY "recipes"."created_at" DESC[0m
  ↳ app/controllers/api/v1/recipes_controller.rb:4:in `index'
Completed 200 OK in 3ms (Views: 2.2ms | ActiveRecord: 0.4ms | Allocations: 2283)


Started GET "/recipes" for ::1 at 2020-04-25 15:53:03 +0200
Processing by HomepageController#index as HTML
  Parameters: {"path"=>"recipes"}
  Rendering homepage/index.html.erb within layouts/application
  Rendered homepage/index.html.erb within layouts/application (Duration: 0.0ms | Allocations: 4)
[Webpacker] Everything's up-to-date. Nothing to do
[Webpacker] Everything's up-to-date. Nothing to do
Completed 200 OK in 24ms (Views: 23.6ms | ActiveRecord: 0.0ms | Allocations: 17579)


Started GET "/api/v1/recipes/index" for ::1 at 2020-04-25 15:53:04 +0200
Processing by Api::V1::RecipesController#index as */*
  [1m[36mRecipe Load (0.4ms)[0m  [1m[34mSELECT "recipes".* FROM "recipes" ORDER BY "recipes"."created_at" DESC[0m
  ↳ app/controllers/api/v1/recipes_controller.rb:4:in `index'
Completed 200 OK in 6ms (Views: 4.3ms | ActiveRecord: 0.4ms | Allocations: 2282)


Started GET "/" for ::1 at 2020-04-25 16:25:56 +0200
  [1m[35m (0.7ms)[0m  [1m[34mSELECT "schema_migrations"."version" FROM "schema_migrations" ORDER BY "schema_migrations"."version" ASC[0m
Processing by HomepageController#index as HTML
  Rendering homepage/index.html.erb within layouts/application
  Rendered homepage/index.html.erb within layouts/application (Duration: 0.5ms | Allocations: 189)
[Webpacker] Everything's up-to-date. Nothing to do
[Webpacker] Everything's up-to-date. Nothing to do
Completed 200 OK in 30ms (Views: 25.1ms | ActiveRecord: 0.0ms | Allocations: 16291)


Started GET "/api/v1/recipes/index" for ::1 at 2020-04-25 16:26:01 +0200
Processing by Api::V1::RecipesController#index as */*
  [1m[36mRecipe Load (0.6ms)[0m  [1m[34mSELECT "recipes".* FROM "recipes" ORDER BY "recipes"."created_at" DESC[0m
  ↳ app/controllers/api/v1/recipes_controller.rb:4:in `index'
Completed 200 OK in 18ms (Views: 9.6ms | ActiveRecord: 5.9ms | Allocations: 7598)


Started GET "/recipes" for ::1 at 2020-04-25 16:28:42 +0200
Processing by HomepageController#index as HTML
  Parameters: {"path"=>"recipes"}
  Rendering homepage/index.html.erb within layouts/application
  Rendered homepage/index.html.erb within layouts/application (Duration: 0.1ms | Allocations: 5)
[Webpacker] Everything's up-to-date. Nothing to do
[Webpacker] Everything's up-to-date. Nothing to do
Completed 200 OK in 29ms (Views: 28.5ms | ActiveRecord: 0.0ms | Allocations: 18077)


Started GET "/api/v1/recipes/index" for ::1 at 2020-04-25 16:28:43 +0200
Processing by Api::V1::RecipesController#index as */*
  [1m[36mRecipe Load (0.4ms)[0m  [1m[34mSELECT "recipes".* FROM "recipes" ORDER BY "recipes"."created_at" DESC[0m
  ↳ app/controllers/api/v1/recipes_controller.rb:4:in `index'
Completed 200 OK in 4ms (Views: 2.8ms | ActiveRecord: 0.4ms | Allocations: 2291)


Started GET "/recipes" for ::1 at 2020-04-25 16:29:02 +0200
Processing by HomepageController#index as HTML
  Parameters: {"path"=>"recipes"}
  Rendering homepage/index.html.erb within layouts/application
  Rendered homepage/index.html.erb within layouts/application (Duration: 0.0ms | Allocations: 5)
[Webpacker] Everything's up-to-date. Nothing to do
[Webpacker] Everything's up-to-date. Nothing to do
Completed 200 OK in 25ms (Views: 23.9ms | ActiveRecord: 0.0ms | Allocations: 18285)


Started GET "/api/v1/recipes/index" for ::1 at 2020-04-25 16:29:03 +0200
Processing by Api::V1::RecipesController#index as */*
  [1m[36mRecipe Load (0.4ms)[0m  [1m[34mSELECT "recipes".* FROM "recipes" ORDER BY "recipes"."created_at" DESC[0m
  ↳ app/controllers/api/v1/recipes_controller.rb:4:in `index'
Completed 200 OK in 7ms (Views: 4.7ms | ActiveRecord: 0.4ms | Allocations: 2285)


Started GET "/recipes" for ::1 at 2020-04-25 16:29:27 +0200
Processing by HomepageController#index as HTML
  Parameters: {"path"=>"recipes"}
  Rendering homepage/index.html.erb within layouts/application
  Rendered homepage/index.html.erb within layouts/application (Duration: 0.0ms | Allocations: 4)
[Webpacker] Everything's up-to-date. Nothing to do
[Webpacker] Everything's up-to-date. Nothing to do
Completed 200 OK in 50ms (Views: 48.7ms | ActiveRecord: 0.0ms | Allocations: 18285)


Started GET "/api/v1/recipes/index" for ::1 at 2020-04-25 16:29:27 +0200
Processing by Api::V1::RecipesController#index as */*
  [1m[36mRecipe Load (0.4ms)[0m  [1m[34mSELECT "recipes".* FROM "recipes" ORDER BY "recipes"."created_at" DESC[0m
  ↳ app/controllers/api/v1/recipes_controller.rb:4:in `index'
Completed 200 OK in 3ms (Views: 2.1ms | ActiveRecord: 0.4ms | Allocations: 2308)


Started GET "/recipes" for ::1 at 2020-04-25 16:29:51 +0200
Processing by HomepageController#index as HTML
  Parameters: {"path"=>"recipes"}
  Rendering homepage/index.html.erb within layouts/application
  Rendered homepage/index.html.erb within layouts/application (Duration: 0.1ms | Allocations: 4)
[Webpacker] Everything's up-to-date. Nothing to do
[Webpacker] Everything's up-to-date. Nothing to do
Completed 200 OK in 45ms (Views: 42.8ms | ActiveRecord: 0.0ms | Allocations: 18730)


Started GET "/api/v1/recipes/index" for ::1 at 2020-04-25 16:29:51 +0200
Processing by Api::V1::RecipesController#index as */*
  [1m[36mRecipe Load (0.3ms)[0m  [1m[34mSELECT "recipes".* FROM "recipes" ORDER BY "recipes"."created_at" DESC[0m
  ↳ app/controllers/api/v1/recipes_controller.rb:4:in `index'
Completed 200 OK in 3ms (Views: 2.0ms | ActiveRecord: 0.3ms | Allocations: 2273)


Started GET "/recipes" for ::1 at 2020-04-25 16:29:59 +0200
Processing by HomepageController#index as HTML
  Parameters: {"path"=>"recipes"}
  Rendering homepage/index.html.erb within layouts/application
  Rendered homepage/index.html.erb within layouts/application (Duration: 0.1ms | Allocations: 4)
[Webpacker] Everything's up-to-date. Nothing to do
[Webpacker] Everything's up-to-date. Nothing to do
Completed 200 OK in 30ms (Views: 28.9ms | ActiveRecord: 0.0ms | Allocations: 18282)


Started GET "/api/v1/recipes/index" for ::1 at 2020-04-25 16:30:00 +0200
Processing by Api::V1::RecipesController#index as */*
  [1m[36mRecipe Load (0.5ms)[0m  [1m[34mSELECT "recipes".* FROM "recipes" ORDER BY "recipes"."created_at" DESC[0m
  ↳ app/controllers/api/v1/recipes_controller.rb:4:in `index'
Completed 200 OK in 5ms (Views: 3.6ms | ActiveRecord: 0.5ms | Allocations: 2290)


Started GET "/" for ::1 at 2020-04-25 20:00:27 +0200
Processing by HomepageController#index as HTML
  Rendering homepage/index.html.erb within layouts/application
  Rendered homepage/index.html.erb within layouts/application (Duration: 0.0ms | Allocations: 5)
[Webpacker] Everything's up-to-date. Nothing to do
[Webpacker] Everything's up-to-date. Nothing to do
Completed 200 OK in 8ms (Views: 7.3ms | ActiveRecord: 0.0ms | Allocations: 5170)


Started GET "/recipes" for ::1 at 2020-04-25 20:02:12 +0200
Processing by HomepageController#index as HTML
  Parameters: {"path"=>"recipes"}
  Rendering homepage/index.html.erb within layouts/application
  Rendered homepage/index.html.erb within layouts/application (Duration: 0.0ms | Allocations: 4)
[Webpacker] Everything's up-to-date. Nothing to do
[Webpacker] Everything's up-to-date. Nothing to do
Completed 200 OK in 10ms (Views: 8.8ms | ActiveRecord: 0.0ms | Allocations: 5254)


Started GET "/api/v1/recipes/index" for ::1 at 2020-04-25 20:02:13 +0200
Processing by Api::V1::RecipesController#index as */*
  [1m[36mRecipe Load (0.8ms)[0m  [1m[34mSELECT "recipes".* FROM "recipes" ORDER BY "recipes"."created_at" DESC[0m
  ↳ app/controllers/api/v1/recipes_controller.rb:4:in `index'
Completed 200 OK in 6ms (Views: 3.9ms | ActiveRecord: 0.8ms | Allocations: 2352)


Started GET "/" for ::1 at 2020-04-25 20:04:33 +0200
Processing by HomepageController#index as HTML
  Rendering homepage/index.html.erb within layouts/application
  Rendered homepage/index.html.erb within layouts/application (Duration: 0.1ms | Allocations: 4)
[Webpacker] Everything's up-to-date. Nothing to do
[Webpacker] Everything's up-to-date. Nothing to do
Completed 200 OK in 33ms (Views: 31.9ms | ActiveRecord: 0.0ms | Allocations: 18714)


Started GET "/" for ::1 at 2020-04-25 20:04:47 +0200
Processing by HomepageController#index as HTML
  Rendering homepage/index.html.erb within layouts/application
  Rendered homepage/index.html.erb within layouts/application (Duration: 0.1ms | Allocations: 5)
[Webpacker] Everything's up-to-date. Nothing to do
[Webpacker] Everything's up-to-date. Nothing to do
Completed 200 OK in 41ms (Views: 38.8ms | ActiveRecord: 0.0ms | Allocations: 19638)


Started GET "/api/v1/recipes/index" for ::1 at 2020-04-25 20:05:25 +0200
Processing by Api::V1::RecipesController#index as */*
  [1m[36mRecipe Load (0.4ms)[0m  [1m[34mSELECT "recipes".* FROM "recipes" ORDER BY "recipes"."created_at" DESC[0m
  ↳ app/controllers/api/v1/recipes_controller.rb:4:in `index'
Completed 200 OK in 3ms (Views: 2.2ms | ActiveRecord: 0.4ms | Allocations: 2279)


Started GET "/" for ::1 at 2020-04-25 20:06:03 +0200
Processing by HomepageController#index as HTML
  Rendering homepage/index.html.erb within layouts/application
  Rendered homepage/index.html.erb within layouts/application (Duration: 0.1ms | Allocations: 4)
[Webpacker] Everything's up-to-date. Nothing to do
[Webpacker] Everything's up-to-date. Nothing to do
Completed 200 OK in 44ms (Views: 43.1ms | ActiveRecord: 0.0ms | Allocations: 19193)


Started GET "/" for ::1 at 2020-04-25 20:06:03 +0200
Processing by HomepageController#index as HTML
  Rendering homepage/index.html.erb within layouts/application
  Rendered homepage/index.html.erb within layouts/application (Duration: 0.0ms | Allocations: 4)
[Webpacker] Everything's up-to-date. Nothing to do
[Webpacker] Everything's up-to-date. Nothing to do
Completed 200 OK in 7ms (Views: 6.9ms | ActiveRecord: 0.0ms | Allocations: 5274)


Started GET "/" for ::1 at 2020-04-25 20:06:05 +0200
Processing by HomepageController#index as HTML
  Rendering homepage/index.html.erb within layouts/application
  Rendered homepage/index.html.erb within layouts/application (Duration: 0.1ms | Allocations: 4)
[Webpacker] Everything's up-to-date. Nothing to do
[Webpacker] Everything's up-to-date. Nothing to do
Completed 200 OK in 21ms (Views: 19.0ms | ActiveRecord: 0.0ms | Allocations: 5246)


Started GET "/" for ::1 at 2020-04-25 20:12:52 +0200
Processing by HomepageController#index as HTML
  Rendering homepage/index.html.erb within layouts/application
  Rendered homepage/index.html.erb within layouts/application (Duration: 0.0ms | Allocations: 4)
[Webpacker] Everything's up-to-date. Nothing to do
[Webpacker] Everything's up-to-date. Nothing to do
Completed 200 OK in 8ms (Views: 7.2ms | ActiveRecord: 0.0ms | Allocations: 5266)


Started GET "/" for ::1 at 2020-04-25 20:13:56 +0200
Processing by HomepageController#index as HTML
  Rendering homepage/index.html.erb within layouts/application
  Rendered homepage/index.html.erb within layouts/application (Duration: 0.0ms | Allocations: 4)
[Webpacker] Everything's up-to-date. Nothing to do
[Webpacker] Everything's up-to-date. Nothing to do
Completed 200 OK in 16ms (Views: 15.3ms | ActiveRecord: 0.0ms | Allocations: 5245)


Started GET "/" for ::1 at 2020-04-25 20:14:12 +0200
Processing by HomepageController#index as HTML
  Rendering homepage/index.html.erb within layouts/application
  Rendered homepage/index.html.erb within layouts/application (Duration: 0.0ms | Allocations: 4)
[Webpacker] Everything's up-to-date. Nothing to do
[Webpacker] Everything's up-to-date. Nothing to do
Completed 200 OK in 8ms (Views: 7.5ms | ActiveRecord: 0.0ms | Allocations: 5249)


Started GET "/" for ::1 at 2020-04-25 20:14:13 +0200
Processing by HomepageController#index as HTML
  Rendering homepage/index.html.erb within layouts/application
  Rendered homepage/index.html.erb within layouts/application (Duration: 0.0ms | Allocations: 4)
[Webpacker] Everything's up-to-date. Nothing to do
[Webpacker] Everything's up-to-date. Nothing to do
Completed 200 OK in 12ms (Views: 10.5ms | ActiveRecord: 0.0ms | Allocations: 5254)


Started GET "/" for ::1 at 2020-04-25 20:14:14 +0200
Processing by HomepageController#index as HTML
  Rendering homepage/index.html.erb within layouts/application
  Rendered homepage/index.html.erb within layouts/application (Duration: 0.1ms | Allocations: 4)
[Webpacker] Everything's up-to-date. Nothing to do
[Webpacker] Everything's up-to-date. Nothing to do
Completed 200 OK in 11ms (Views: 9.4ms | ActiveRecord: 0.0ms | Allocations: 5260)


Started GET "/api/v1/recipes/index" for ::1 at 2020-04-25 20:14:23 +0200
Processing by Api::V1::RecipesController#index as */*
  [1m[36mRecipe Load (1.1ms)[0m  [1m[34mSELECT "recipes".* FROM "recipes" ORDER BY "recipes"."created_at" DESC[0m
  ↳ app/controllers/api/v1/recipes_controller.rb:4:in `index'
Completed 200 OK in 5ms (Views: 3.0ms | ActiveRecord: 1.1ms | Allocations: 2348)


